c:\users\pascal\desktop\sdl game one\sdl-game-1\core\framework\debug\vc140.pdb
d:\users\f03n1x\documents\sdl-game-1\core\framework\debug\vc140.pdb
d:\users\f03n1x\documents\sdl-game-1\core\framework\debug\vc140.idb
d:\users\f03n1x\documents\sdl-game-1\core\framework\debug\animatedsprite.obj
d:\users\f03n1x\documents\sdl-game-1\core\framework\debug\backbuffer.obj
d:\users\f03n1x\documents\sdl-game-1\core\framework\debug\entity.obj
d:\users\f03n1x\documents\sdl-game-1\core\framework\debug\inputhandler.obj
d:\users\f03n1x\documents\sdl-game-1\core\framework\debug\logmanager.obj
d:\users\f03n1x\documents\sdl-game-1\core\framework\debug\main.obj
d:\users\f03n1x\documents\sdl-game-1\core\framework\debug\player.obj
d:\users\f03n1x\documents\sdl-game-1\core\framework\debug\sprite.obj
d:\users\f03n1x\documents\sdl-game-1\core\framework\debug\texture.obj
d:\users\f03n1x\documents\sdl-game-1\core\framework\debug\texturemanager.obj
c:\users\pascal\desktop\sdl game one\sdl-game-1\core\debug\core.ilk
c:\users\pascal\desktop\sdl game one\sdl-game-1\core\debug\core.exe
c:\users\pascal\desktop\sdl game one\sdl-game-1\core\debug\core.pdb
d:\users\f03n1x\documents\sdl-game-1\core\debug\core.ilk
d:\users\f03n1x\documents\sdl-game-1\core\debug\core.exe
d:\users\f03n1x\documents\sdl-game-1\core\debug\core.pdb
d:\users\f03n1x\documents\sdl-game-1\core\framework\debug\core.tlog\cl.command.1.tlog
d:\users\f03n1x\documents\sdl-game-1\core\framework\debug\core.tlog\cl.read.1.tlog
d:\users\f03n1x\documents\sdl-game-1\core\framework\debug\core.tlog\cl.write.1.tlog
d:\users\f03n1x\documents\sdl-game-1\core\framework\debug\core.tlog\link.command.1.tlog
d:\users\f03n1x\documents\sdl-game-1\core\framework\debug\core.tlog\link.read.1.tlog
d:\users\f03n1x\documents\sdl-game-1\core\framework\debug\core.tlog\link.write.1.tlog
