  player.cpp
player.cpp(28): warning C4244: 'argument': conversion from 'float' to 'unsigned char', possible loss of data
player.cpp(30): warning C4244: 'argument': conversion from 'float' to 'int', possible loss of data
player.cpp(32): warning C4244: 'argument': conversion from 'float' to 'int', possible loss of data
player.cpp(37): warning C4244: 'argument': conversion from 'float' to 'unsigned char', possible loss of data
player.cpp(39): warning C4244: 'argument': conversion from 'float' to 'int', possible loss of data
player.cpp(41): warning C4244: 'argument': conversion from 'float' to 'int', possible loss of data
player.cpp(66): warning C4552: '-': operator has no effect; expected operator with side-effect
player.cpp(107): warning C4244: 'initializing': conversion from 'int' to 'float', possible loss of data
player.cpp(108): warning C4244: 'initializing': conversion from 'int' to 'float', possible loss of data
player.cpp(111): warning C4244: 'initializing': conversion from 'int' to 'float', possible loss of data
player.cpp(112): warning C4244: 'initializing': conversion from 'int' to 'float', possible loss of data
player.cpp(145): warning C4552: '-': operator has no effect; expected operator with side-effect
player.cpp(152): warning C4552: '-': operator has no effect; expected operator with side-effect
  Generating code
  4 of 649 functions ( 0.6%) were compiled, the rest were copied from previous compilation.
    0 functions were new in current compilation
    3 functions had inline decision re-evaluated but remain unchanged
  Finished generating code
  Framework.vcxproj -> C:\Users\f03n1x\Downloads\Day 006 Framework\Day006Framework\Release\Framework.exe
